<?xml version="1.0" encoding="UTF-8"?>
<!-- Generated by org.testng.reporters.JUnitReportReporter -->
<testsuite skipped="0" hostname="ARJUN" name="ticket.Booking" tests="1" failures="0" timestamp="09 Nov 2019 08:25:12 GMT" time="64.815" errors="0">
  <testcase name="book" time="64.815" classname="ticket.Booking"/>
</testsuite> <!-- ticket.Booking -->
